[{"line":1,"elements":[{"line":3,"name":"","description":"","type":"background","keyword":"Background","steps":[{"result":{"duration":1991333700,"status":"passed"},"line":5,"name":"User enters the \"https://admin-demo.nopcommerce.com\"","match":{"arguments":[{"val":"\"https://admin-demo.nopcommerce.com\"","offset":16}],"location":"com.demonopcommerce.stepdef.LoginStepDef.user_enters_the(java.lang.String)"},"keyword":"Given "}]},{"start_timestamp":"2024-04-25T05:04:04.407Z","before":[{"result":{"duration":2387640400,"status":"passed"},"match":{"location":"com.demonopcommerce.stepdef.LoginStepDef.beforeHooks()"}}],"line":26,"name":"Unsuccessful Login with invalid credentials","description":"","id":"nopcommerce-login-feature;unsuccessful-login-with-invalid-credentials;;2","after":[{"result":{"duration":202025000,"status":"passed"},"match":{"location":"com.demonopcommerce.stepdef.LoginStepDef.afterHooks()"}}],"type":"scenario","keyword":"Scenario Outline","steps":[{"result":{"duration":810647700,"status":"passed"},"line":18,"name":"User enters invalid \"abcefg@gmail.com\" and \"admin\"","match":{"arguments":[{"val":"\"abcefg@gmail.com\"","offset":20},{"val":"\"admin\"","offset":43}],"location":"com.demonopcommerce.stepdef.LoginStepDef.user_enters_invalid_and(java.lang.String,java.lang.String)"},"keyword":"Given "},{"result":{"duration":673478200,"status":"passed"},"line":19,"name":"User clicks login button","match":{"location":"com.demonopcommerce.stepdef.LoginStepDef.user_clicks_login_button()"},"keyword":"When "},{"result":{"duration":70998300,"status":"passed"},"line":20,"name":"User should see an error message \"Login was unsuccessful. Please correct the errors and try again.\"","match":{"arguments":[{"val":"\"Login was unsuccessful. Please correct the errors and try again.\"","offset":33}],"location":"com.demonopcommerce.stepdef.LoginStepDef.user_should_see_an_error_message(java.lang.String)"},"keyword":"Then "},{"result":{"error_message":"org.openqa.selenium.NoSuchElementException: no such element: Unable to locate element: {\"method\":\"css selector\",\"selector\":\"#Email\\-error\"}\n  (Session info: chrome=124.0.6367.61)\nFor documentation on this error, please visit: https://www.selenium.dev/documentation/webdriver/troubleshooting/errors#no-such-element-exception\nBuild info: version: '4.19.1', revision: 'abe0ee07dc'\nSystem info: os.name: 'Windows 11', os.arch: 'amd64', os.version: '10.0', java.version: '17.0.10'\nDriver info: org.openqa.selenium.chrome.ChromeDriver\nCommand: [f53bcb2e93e59aadd71e9fc3ca8d601d, findElement {using=id, value=Email-error}]\nCapabilities {acceptInsecureCerts: false, browserName: chrome, browserVersion: 124.0.6367.61, chrome: {chromedriverVersion: 124.0.6367.78 (a087f2dd364d..., userDataDir: C:\\Users\\mechs\\AppData\\Loca...}, fedcm:accounts: true, goog:chromeOptions: {debuggerAddress: localhost:63432}, networkConnectionEnabled: false, pageLoadStrategy: normal, platformName: windows, proxy: Proxy(), se:cdp: ws://localhost:63432/devtoo..., se:cdpVersion: 124.0.6367.61, setWindowRect: true, strictFileInteractability: false, timeouts: {implicit: 0, pageLoad: 300000, script: 30000}, unhandledPromptBehavior: dismiss and notify, webauthn:extension:credBlob: true, webauthn:extension:largeBlob: true, webauthn:extension:minPinLength: true, webauthn:extension:prf: true, webauthn:virtualAuthenticators: true}\nSession ID: f53bcb2e93e59aadd71e9fc3ca8d601d\r\n\tat java.base/jdk.internal.reflect.NativeConstructorAccessorImpl.newInstance0(Native Method)\r\n\tat java.base/jdk.internal.reflect.NativeConstructorAccessorImpl.newInstance(NativeConstructorAccessorImpl.java:77)\r\n\tat java.base/jdk.internal.reflect.DelegatingConstructorAccessorImpl.newInstance(DelegatingConstructorAccessorImpl.java:45)\r\n\tat java.base/java.lang.reflect.Constructor.newInstanceWithCaller(Constructor.java:499)\r\n\tat java.base/java.lang.reflect.Constructor.newInstance(Constructor.java:480)\r\n\tat org.openqa.selenium.remote.ErrorCodec.decode(ErrorCodec.java:167)\r\n\tat org.openqa.selenium.remote.codec.w3c.W3CHttpResponseCodec.decode(W3CHttpResponseCodec.java:138)\r\n\tat org.openqa.selenium.remote.codec.w3c.W3CHttpResponseCodec.decode(W3CHttpResponseCodec.java:50)\r\n\tat org.openqa.selenium.remote.HttpCommandExecutor.execute(HttpCommandExecutor.java:190)\r\n\tat org.openqa.selenium.remote.service.DriverCommandExecutor.invokeExecute(DriverCommandExecutor.java:216)\r\n\tat org.openqa.selenium.remote.service.DriverCommandExecutor.execute(DriverCommandExecutor.java:174)\r\n\tat org.openqa.selenium.remote.RemoteWebDriver.execute(RemoteWebDriver.java:518)\r\n\tat org.openqa.selenium.remote.ElementLocation$ElementFinder$2.findElement(ElementLocation.java:165)\r\n\tat org.openqa.selenium.remote.ElementLocation.findElement(ElementLocation.java:59)\r\n\tat org.openqa.selenium.remote.RemoteWebDriver.findElement(RemoteWebDriver.java:355)\r\n\tat org.openqa.selenium.remote.RemoteWebDriver.findElement(RemoteWebDriver.java:349)\r\n\tat org.openqa.selenium.support.pagefactory.DefaultElementLocator.findElement(DefaultElementLocator.java:68)\r\n\tat org.openqa.selenium.support.pagefactory.internal.LocatingElementHandler.invoke(LocatingElementHandler.java:38)\r\n\tat jdk.proxy2/jdk.proxy2.$Proxy24.isDisplayed(Unknown Source)\r\n\tat com.demonopcommerce.stepdef.LoginStepDef.user_should_also_see_an_error_messegafoe_empty_feilds(LoginStepDef.java:75)\r\n\tat ✽.User should also see an error messegafoe empty feilds(file:///C:/Users/mechs/eclipse-workspace/nopcommerceDemo/src/test/java/feature/loginNopcommerce.feature:21)\r\n","duration":35868100,"status":"failed"},"line":21,"name":"User should also see an error messegafoe empty feilds","match":{"location":"com.demonopcommerce.stepdef.LoginStepDef.user_should_also_see_an_error_messegafoe_empty_feilds()"},"keyword":"Then "}],"tags":[{"name":"@Invalid"}]},{"line":3,"name":"","description":"","type":"background","keyword":"Background","steps":[{"result":{"duration":2250336800,"status":"passed"},"line":5,"name":"User enters the \"https://admin-demo.nopcommerce.com\"","match":{"arguments":[{"val":"\"https://admin-demo.nopcommerce.com\"","offset":16}],"location":"com.demonopcommerce.stepdef.LoginStepDef.user_enters_the(java.lang.String)"},"keyword":"Given "}]},{"start_timestamp":"2024-04-25T05:04:10.760Z","before":[{"result":{"duration":1556922400,"status":"passed"},"match":{"location":"com.demonopcommerce.stepdef.LoginStepDef.beforeHooks()"}}],"line":27,"name":"Unsuccessful Login with invalid credentials","description":"","id":"nopcommerce-login-feature;unsuccessful-login-with-invalid-credentials;;3","after":[{"result":{"duration":176199000,"status":"passed"},"match":{"location":"com.demonopcommerce.stepdef.LoginStepDef.afterHooks()"}}],"type":"scenario","keyword":"Scenario Outline","steps":[{"result":{"duration":762043200,"status":"passed"},"line":18,"name":"User enters invalid \"admin@yourstore.com\" and \"123456\"","match":{"arguments":[{"val":"\"admin@yourstore.com\"","offset":20},{"val":"\"123456\"","offset":46}],"location":"com.demonopcommerce.stepdef.LoginStepDef.user_enters_invalid_and(java.lang.String,java.lang.String)"},"keyword":"Given "},{"result":{"duration":594788900,"status":"passed"},"line":19,"name":"User clicks login button","match":{"location":"com.demonopcommerce.stepdef.LoginStepDef.user_clicks_login_button()"},"keyword":"When "},{"result":{"duration":152207400,"status":"passed"},"line":20,"name":"User should see an error message \"Login was unsuccessful. Please correct the errors and try again.\"","match":{"arguments":[{"val":"\"Login was unsuccessful. Please correct the errors and try again.\"","offset":33}],"location":"com.demonopcommerce.stepdef.LoginStepDef.user_should_see_an_error_message(java.lang.String)"},"keyword":"Then "},{"result":{"error_message":"org.openqa.selenium.NoSuchElementException: no such element: Unable to locate element: {\"method\":\"css selector\",\"selector\":\"#Email\\-error\"}\n  (Session info: chrome=124.0.6367.61)\nFor documentation on this error, please visit: https://www.selenium.dev/documentation/webdriver/troubleshooting/errors#no-such-element-exception\nBuild info: version: '4.19.1', revision: 'abe0ee07dc'\nSystem info: os.name: 'Windows 11', os.arch: 'amd64', os.version: '10.0', java.version: '17.0.10'\nDriver info: org.openqa.selenium.chrome.ChromeDriver\nCommand: [f102498fc0495cd71016d57a952046b1, findElement {using=id, value=Email-error}]\nCapabilities {acceptInsecureCerts: false, browserName: chrome, browserVersion: 124.0.6367.61, chrome: {chromedriverVersion: 124.0.6367.78 (a087f2dd364d..., userDataDir: C:\\Users\\mechs\\AppData\\Loca...}, fedcm:accounts: true, goog:chromeOptions: {debuggerAddress: localhost:63453}, networkConnectionEnabled: false, pageLoadStrategy: normal, platformName: windows, proxy: Proxy(), se:cdp: ws://localhost:63453/devtoo..., se:cdpVersion: 124.0.6367.61, setWindowRect: true, strictFileInteractability: false, timeouts: {implicit: 0, pageLoad: 300000, script: 30000}, unhandledPromptBehavior: dismiss and notify, webauthn:extension:credBlob: true, webauthn:extension:largeBlob: true, webauthn:extension:minPinLength: true, webauthn:extension:prf: true, webauthn:virtualAuthenticators: true}\nSession ID: f102498fc0495cd71016d57a952046b1\r\n\tat java.base/jdk.internal.reflect.NativeConstructorAccessorImpl.newInstance0(Native Method)\r\n\tat java.base/jdk.internal.reflect.NativeConstructorAccessorImpl.newInstance(NativeConstructorAccessorImpl.java:77)\r\n\tat java.base/jdk.internal.reflect.DelegatingConstructorAccessorImpl.newInstance(DelegatingConstructorAccessorImpl.java:45)\r\n\tat java.base/java.lang.reflect.Constructor.newInstanceWithCaller(Constructor.java:499)\r\n\tat java.base/java.lang.reflect.Constructor.newInstance(Constructor.java:480)\r\n\tat org.openqa.selenium.remote.ErrorCodec.decode(ErrorCodec.java:167)\r\n\tat org.openqa.selenium.remote.codec.w3c.W3CHttpResponseCodec.decode(W3CHttpResponseCodec.java:138)\r\n\tat org.openqa.selenium.remote.codec.w3c.W3CHttpResponseCodec.decode(W3CHttpResponseCodec.java:50)\r\n\tat org.openqa.selenium.remote.HttpCommandExecutor.execute(HttpCommandExecutor.java:190)\r\n\tat org.openqa.selenium.remote.service.DriverCommandExecutor.invokeExecute(DriverCommandExecutor.java:216)\r\n\tat org.openqa.selenium.remote.service.DriverCommandExecutor.execute(DriverCommandExecutor.java:174)\r\n\tat org.openqa.selenium.remote.RemoteWebDriver.execute(RemoteWebDriver.java:518)\r\n\tat org.openqa.selenium.remote.ElementLocation$ElementFinder$2.findElement(ElementLocation.java:165)\r\n\tat org.openqa.selenium.remote.ElementLocation.findElement(ElementLocation.java:59)\r\n\tat org.openqa.selenium.remote.RemoteWebDriver.findElement(RemoteWebDriver.java:355)\r\n\tat org.openqa.selenium.remote.RemoteWebDriver.findElement(RemoteWebDriver.java:349)\r\n\tat org.openqa.selenium.support.pagefactory.DefaultElementLocator.findElement(DefaultElementLocator.java:68)\r\n\tat org.openqa.selenium.support.pagefactory.internal.LocatingElementHandler.invoke(LocatingElementHandler.java:38)\r\n\tat jdk.proxy2/jdk.proxy2.$Proxy24.isDisplayed(Unknown Source)\r\n\tat com.demonopcommerce.stepdef.LoginStepDef.user_should_also_see_an_error_messegafoe_empty_feilds(LoginStepDef.java:75)\r\n\tat ✽.User should also see an error messegafoe empty feilds(file:///C:/Users/mechs/eclipse-workspace/nopcommerceDemo/src/test/java/feature/loginNopcommerce.feature:21)\r\n","duration":19647300,"status":"failed"},"line":21,"name":"User should also see an error messegafoe empty feilds","match":{"location":"com.demonopcommerce.stepdef.LoginStepDef.user_should_also_see_an_error_messegafoe_empty_feilds()"},"keyword":"Then "}],"tags":[{"name":"@Invalid"}]},{"line":3,"name":"","description":"","type":"background","keyword":"Background","steps":[{"result":{"duration":2169168600,"status":"passed"},"line":5,"name":"User enters the \"https://admin-demo.nopcommerce.com\"","match":{"arguments":[{"val":"\"https://admin-demo.nopcommerce.com\"","offset":16}],"location":"com.demonopcommerce.stepdef.LoginStepDef.user_enters_the(java.lang.String)"},"keyword":"Given "}]},{"start_timestamp":"2024-04-25T05:04:16.302Z","before":[{"result":{"duration":1825928700,"status":"passed"},"match":{"location":"com.demonopcommerce.stepdef.LoginStepDef.beforeHooks()"}}],"line":28,"name":"Unsuccessful Login with invalid credentials","description":"","id":"nopcommerce-login-feature;unsuccessful-login-with-invalid-credentials;;4","after":[{"result":{"duration":176129000,"status":"passed"},"match":{"location":"com.demonopcommerce.stepdef.LoginStepDef.afterHooks()"}}],"type":"scenario","keyword":"Scenario Outline","steps":[{"result":{"duration":715028000,"status":"passed"},"line":18,"name":"User enters invalid \"\" and \"admin\"","match":{"arguments":[{"val":"\"\"","offset":20},{"val":"\"admin\"","offset":27}],"location":"com.demonopcommerce.stepdef.LoginStepDef.user_enters_invalid_and(java.lang.String,java.lang.String)"},"keyword":"Given "},{"result":{"duration":153227000,"status":"passed"},"line":19,"name":"User clicks login button","match":{"location":"com.demonopcommerce.stepdef.LoginStepDef.user_clicks_login_button()"},"keyword":"When "},{"result":{"error_message":"org.openqa.selenium.NoSuchElementException: no such element: Unable to locate element: {\"method\":\"xpath\",\"selector\":\"//div[@class='message-error validation-summary-errors']\"}\n  (Session info: chrome=124.0.6367.61)\nFor documentation on this error, please visit: https://www.selenium.dev/documentation/webdriver/troubleshooting/errors#no-such-element-exception\nBuild info: version: '4.19.1', revision: 'abe0ee07dc'\nSystem info: os.name: 'Windows 11', os.arch: 'amd64', os.version: '10.0', java.version: '17.0.10'\nDriver info: org.openqa.selenium.chrome.ChromeDriver\nCommand: [6ef9783fc533c1a06d506954395525ed, findElement {using=xpath, value=//div[@class='message-error validation-summary-errors']}]\nCapabilities {acceptInsecureCerts: false, browserName: chrome, browserVersion: 124.0.6367.61, chrome: {chromedriverVersion: 124.0.6367.78 (a087f2dd364d..., userDataDir: C:\\Users\\mechs\\AppData\\Loca...}, fedcm:accounts: true, goog:chromeOptions: {debuggerAddress: localhost:63476}, networkConnectionEnabled: false, pageLoadStrategy: normal, platformName: windows, proxy: Proxy(), se:cdp: ws://localhost:63476/devtoo..., se:cdpVersion: 124.0.6367.61, setWindowRect: true, strictFileInteractability: false, timeouts: {implicit: 0, pageLoad: 300000, script: 30000}, unhandledPromptBehavior: dismiss and notify, webauthn:extension:credBlob: true, webauthn:extension:largeBlob: true, webauthn:extension:minPinLength: true, webauthn:extension:prf: true, webauthn:virtualAuthenticators: true}\nSession ID: 6ef9783fc533c1a06d506954395525ed\r\n\tat java.base/jdk.internal.reflect.NativeConstructorAccessorImpl.newInstance0(Native Method)\r\n\tat java.base/jdk.internal.reflect.NativeConstructorAccessorImpl.newInstance(NativeConstructorAccessorImpl.java:77)\r\n\tat java.base/jdk.internal.reflect.DelegatingConstructorAccessorImpl.newInstance(DelegatingConstructorAccessorImpl.java:45)\r\n\tat java.base/java.lang.reflect.Constructor.newInstanceWithCaller(Constructor.java:499)\r\n\tat java.base/java.lang.reflect.Constructor.newInstance(Constructor.java:480)\r\n\tat org.openqa.selenium.remote.ErrorCodec.decode(ErrorCodec.java:167)\r\n\tat org.openqa.selenium.remote.codec.w3c.W3CHttpResponseCodec.decode(W3CHttpResponseCodec.java:138)\r\n\tat org.openqa.selenium.remote.codec.w3c.W3CHttpResponseCodec.decode(W3CHttpResponseCodec.java:50)\r\n\tat org.openqa.selenium.remote.HttpCommandExecutor.execute(HttpCommandExecutor.java:190)\r\n\tat org.openqa.selenium.remote.service.DriverCommandExecutor.invokeExecute(DriverCommandExecutor.java:216)\r\n\tat org.openqa.selenium.remote.service.DriverCommandExecutor.execute(DriverCommandExecutor.java:174)\r\n\tat org.openqa.selenium.remote.RemoteWebDriver.execute(RemoteWebDriver.java:518)\r\n\tat org.openqa.selenium.remote.ElementLocation$ElementFinder$2.findElement(ElementLocation.java:165)\r\n\tat org.openqa.selenium.remote.ElementLocation.findElement(ElementLocation.java:59)\r\n\tat org.openqa.selenium.remote.RemoteWebDriver.findElement(RemoteWebDriver.java:355)\r\n\tat org.openqa.selenium.remote.RemoteWebDriver.findElement(RemoteWebDriver.java:349)\r\n\tat org.openqa.selenium.support.pagefactory.DefaultElementLocator.findElement(DefaultElementLocator.java:68)\r\n\tat org.openqa.selenium.support.pagefactory.internal.LocatingElementHandler.invoke(LocatingElementHandler.java:38)\r\n\tat jdk.proxy2/jdk.proxy2.$Proxy24.isDisplayed(Unknown Source)\r\n\tat com.demonopcommerce.stepdef.LoginStepDef.user_should_see_an_error_message(LoginStepDef.java:70)\r\n\tat ✽.User should see an error message \"Please enter your email\"(file:///C:/Users/mechs/eclipse-workspace/nopcommerceDemo/src/test/java/feature/loginNopcommerce.feature:20)\r\n","duration":23879500,"status":"failed"},"line":20,"name":"User should see an error message \"Please enter your email\"","match":{"arguments":[{"val":"\"Please enter your email\"","offset":33}],"location":"com.demonopcommerce.stepdef.LoginStepDef.user_should_see_an_error_message(java.lang.String)"},"keyword":"Then "},{"result":{"status":"skipped"},"line":21,"name":"User should also see an error messegafoe empty feilds","match":{"location":"com.demonopcommerce.stepdef.LoginStepDef.user_should_also_see_an_error_messegafoe_empty_feilds()"},"keyword":"Then "}],"tags":[{"name":"@Invalid"}]}],"name":"Nopcommerce login feature","description":"","id":"nopcommerce-login-feature","keyword":"Feature","uri":"file:src/test/java/feature/loginNopcommerce.feature","tags":[]}]