<?xml version="1.0" encoding="UTF-8"?>
<testng-results ignored="0" total="1" passed="1" failed="0" skipped="0">
  <reporter-output>
  </reporter-output>
  <suite started-at="2024-04-27T12:38:56 IST" name="Default suite" finished-at="2024-04-27T12:38:58 IST" duration-ms="2067">
    <groups>
    </groups>
    <test started-at="2024-04-27T12:38:56 IST" name="Default test" finished-at="2024-04-27T12:38:58 IST" duration-ms="2067">
      <class name="restassured.GetMethod">
        <test-method signature="get()[pri:0, instance:restassured.GetMethod@6adbc9d]" started-at="2024-04-27T12:38:56 IST" name="get" finished-at="2024-04-27T12:38:58 IST" duration-ms="2019" status="PASS">
          <reporter-output>
          </reporter-output>
        </test-method> <!-- get -->
      </class> <!-- restassured.GetMethod -->
    </test> <!-- Default test -->
  </suite> <!-- Default suite -->
</testng-results>
